{"level":"info","message":"add app main into supervisor","meta":{},"module":"application","submodule":"supervisor","method":"addApp","app":"main","reqId":"8b5ee890-fac7-48e0-9a51-3b83be8b535e","dataSourceKey":"main","timestamp":"2025-02-04 17:18:06"}
{"level":"info","message":"connection has been established successfully.","meta":{},"module":"database","submodule":"","method":"auth","app":"main","reqId":"8b5ee890-fac7-48e0-9a51-3b83be8b535e","dataSourceKey":"main","timestamp":"2025-02-04 17:18:06"}
{"level":"info","message":"start install built-in plugins","meta":{},"module":"nocobase","submodule":"","method":"","app":"main","reqId":"8b5ee890-fac7-48e0-9a51-3b83be8b535e","dataSourceKey":"main","timestamp":"2025-02-04 17:18:06"}
{"level":"info","message":"finish install built-in plugins","meta":{},"module":"nocobase","submodule":"","method":"","app":"main","reqId":"8b5ee890-fac7-48e0-9a51-3b83be8b535e","dataSourceKey":"main","timestamp":"2025-02-04 17:18:13"}
{"level":"info","message":"restarting...","meta":{},"module":"application","submodule":"","method":"","app":"main","reqId":"8b5ee890-fac7-48e0-9a51-3b83be8b535e","dataSourceKey":"main","timestamp":"2025-02-04 17:18:13"}
{"level":"info","message":"app.reload()","meta":{},"module":"application","submodule":"","method":"load","app":"main","reqId":"8b5ee890-fac7-48e0-9a51-3b83be8b535e","dataSourceKey":"main","timestamp":"2025-02-04 17:18:13"}
{"level":"info","message":"write roles to ACL","meta":{},"module":"acl","submodule":"","method":"writeRolesToACL","app":"main","reqId":"8b5ee890-fac7-48e0-9a51-3b83be8b535e","dataSourceKey":"main","timestamp":"2025-02-04 17:18:16"}
{"level":"info","message":"app has been started","meta":{},"module":"application","submodule":"","method":"","app":"main","reqId":"8b5ee890-fac7-48e0-9a51-3b83be8b535e","dataSourceKey":"main","timestamp":"2025-02-04 17:18:16"}
{"level":"info","message":"add app main into supervisor","meta":{},"module":"application","submodule":"supervisor","method":"addApp","app":"main","reqId":"374fb74f-62ba-4e26-9b1c-e3dce0cc6cae","dataSourceKey":"main","timestamp":"2025-02-04 17:32:15"}
{"level":"info","message":"connection has been established successfully.","meta":{},"module":"database","submodule":"","method":"auth","app":"main","reqId":"374fb74f-62ba-4e26-9b1c-e3dce0cc6cae","dataSourceKey":"main","timestamp":"2025-02-04 17:32:15"}
{"level":"info","message":"start install built-in plugins","meta":{},"module":"nocobase","submodule":"","method":"","app":"main","reqId":"374fb74f-62ba-4e26-9b1c-e3dce0cc6cae","dataSourceKey":"main","timestamp":"2025-02-04 17:32:16"}
{"level":"warn","message":"app is not running","meta":{"status":"commanding"},"module":"gateway","submodule":"","method":"requestHandler","app":"main","reqId":"0ea70562-2857-4a6e-a4a8-4ca1c2b3a4bd","dataSourceKey":"main","timestamp":"2025-02-04 17:32:20"}
{"level":"error","message":"install plugins...","meta":{"error":{"status":503,"maintaining":true,"message":"install plugins...","command":{"name":"start"},"code":"APP_COMMANDING"}},"module":"gateway","submodule":"","method":"responseErrorWithCode","app":"main","reqId":"7c5b496e-9010-4e61-9686-e9ed73def523","dataSourceKey":"main","timestamp":"2025-02-04 17:32:20"}
{"level":"info","message":"finish install built-in plugins","meta":{},"module":"nocobase","submodule":"","method":"","app":"main","reqId":"374fb74f-62ba-4e26-9b1c-e3dce0cc6cae","dataSourceKey":"main","timestamp":"2025-02-04 17:32:23"}
{"level":"info","message":"restarting...","meta":{},"module":"application","submodule":"","method":"","app":"main","reqId":"374fb74f-62ba-4e26-9b1c-e3dce0cc6cae","dataSourceKey":"main","timestamp":"2025-02-04 17:32:23"}
{"level":"info","message":"app.reload()","meta":{},"module":"application","submodule":"","method":"load","app":"main","reqId":"374fb74f-62ba-4e26-9b1c-e3dce0cc6cae","dataSourceKey":"main","timestamp":"2025-02-04 17:32:23"}
{"level":"info","message":"write roles to ACL","meta":{},"module":"acl","submodule":"","method":"writeRolesToACL","app":"main","reqId":"374fb74f-62ba-4e26-9b1c-e3dce0cc6cae","dataSourceKey":"main","timestamp":"2025-02-04 17:32:25"}
{"level":"info","message":"app has been started","meta":{},"module":"application","submodule":"","method":"","app":"main","reqId":"374fb74f-62ba-4e26-9b1c-e3dce0cc6cae","dataSourceKey":"main","timestamp":"2025-02-04 17:32:25"}
{"level":"info","message":"load commands","meta":{},"module":"application","submodule":"","method":"","app":"main","reqId":"374fb74f-62ba-4e26-9b1c-e3dce0cc6cae","dataSourceKey":"main","timestamp":"2025-02-04 17:52:28"}
{"level":"info","message":"add app main into supervisor","meta":{},"module":"application","submodule":"supervisor","method":"addApp","app":"main","reqId":"7405e062-176b-46cf-bd92-68f2ddedb642","dataSourceKey":"main","timestamp":"2025-02-04 17:52:28"}
{"level":"info","message":"load commands","meta":{},"module":"application","submodule":"","method":"","app":"main","reqId":"7405e062-176b-46cf-bd92-68f2ddedb642","dataSourceKey":"main","timestamp":"2025-02-04 17:52:28"}
{"level":"info","message":"load commands","meta":{},"module":"application","submodule":"","method":"","app":"main","reqId":"374fb74f-62ba-4e26-9b1c-e3dce0cc6cae","dataSourceKey":"main","timestamp":"2025-02-04 18:20:29"}
{"level":"info","message":"add app main into supervisor","meta":{},"module":"application","submodule":"supervisor","method":"addApp","app":"main","reqId":"9c21c94d-14f6-4e66-a543-e51c83e3fd2e","dataSourceKey":"main","timestamp":"2025-02-04 18:20:29"}
{"level":"info","message":"load commands","meta":{},"module":"application","submodule":"","method":"","app":"main","reqId":"9c21c94d-14f6-4e66-a543-e51c83e3fd2e","dataSourceKey":"main","timestamp":"2025-02-04 18:20:29"}
{"level":"info","message":"load commands","meta":{},"module":"application","submodule":"","method":"","app":"main","reqId":"374fb74f-62ba-4e26-9b1c-e3dce0cc6cae","dataSourceKey":"main","timestamp":"2025-02-04 18:22:29"}
{"level":"info","message":"add app main into supervisor","meta":{},"module":"application","submodule":"supervisor","method":"addApp","app":"main","reqId":"f6e7cab1-a916-4e68-a45f-b3de663dfb75","dataSourceKey":"main","timestamp":"2025-02-04 18:22:29"}
{"level":"info","message":"load commands","meta":{},"module":"application","submodule":"","method":"","app":"main","reqId":"f6e7cab1-a916-4e68-a45f-b3de663dfb75","dataSourceKey":"main","timestamp":"2025-02-04 18:22:29"}
{"level":"warn","message":"plugin not found Class extends value undefined is not a constructor or null","stack":"TypeError: Class extends value undefined is not a constructor or null\n    at Object.<anonymous> (/app/nocobase/storage/plugins/custom-popup-action/src/server/actions/show-popup.js:4:31)\n    at Module._compile (node:internal/modules/cjs/loader:1364:14)\n    at Module._extensions..js (node:internal/modules/cjs/loader:1422:10)\n    at Module.load (node:internal/modules/cjs/loader:1203:32)\n    at Module._load (node:internal/modules/cjs/loader:1019:12)\n    at Module.require (node:internal/modules/cjs/loader:1231:19)\n    at Hook._require.Module.require (/app/nocobase/node_modules/require-in-the-middle/index.js:101:39)\n    at require (node:internal/modules/helpers:177:18)\n    at Object.<anonymous> (/app/nocobase/storage/plugins/custom-popup-action/src/server/index.js:2:25)\n    at Module._compile (node:internal/modules/cjs/loader:1364:14)","meta":{},"module":"application","submodule":"","method":"","app":"main","reqId":"d008f0a4-1ca8-4a6a-a5ef-5423c7efb2f2","dataSourceKey":"main","timestamp":"2025-02-04 18:24:29"}
{"level":"info","message":"app.reload()","meta":{},"module":"application","submodule":"","method":"load","app":"main","reqId":"80438abe-4040-450a-b676-fe689cc97287","dataSourceKey":"main","timestamp":"2025-02-04 18:33:31"}
{"level":"info","message":"restarting...","meta":{},"module":"application","submodule":"","method":"","app":"main","reqId":"80438abe-4040-450a-b676-fe689cc97287","dataSourceKey":"main","timestamp":"2025-02-04 18:33:36"}
{"level":"info","message":"app.reload()","meta":{},"module":"application","submodule":"","method":"load","app":"main","reqId":"80438abe-4040-450a-b676-fe689cc97287","dataSourceKey":"main","timestamp":"2025-02-04 18:33:36"}
{"level":"info","message":"write roles to ACL","meta":{},"module":"acl","submodule":"","method":"writeRolesToACL","app":"main","reqId":"80438abe-4040-450a-b676-fe689cc97287","dataSourceKey":"main","timestamp":"2025-02-04 18:33:39"}
{"level":"info","message":"add app main into supervisor","meta":{},"module":"application","submodule":"supervisor","method":"addApp","app":"main","reqId":"0db254d5-1ea1-428e-82e3-24e0c169221b","dataSourceKey":"main","timestamp":"2025-02-04 18:34:15"}
{"level":"info","message":"connection has been established successfully.","meta":{},"module":"database","submodule":"","method":"auth","app":"main","reqId":"0db254d5-1ea1-428e-82e3-24e0c169221b","dataSourceKey":"main","timestamp":"2025-02-04 18:34:15"}
{"level":"info","message":"add app main into supervisor","meta":{},"module":"application","submodule":"supervisor","method":"addApp","app":"main","reqId":"2523080e-6cc4-4b3d-a7c3-2050cb361fbc","dataSourceKey":"main","timestamp":"2025-02-04 18:36:00"}
{"level":"info","message":"add app main into supervisor","meta":{},"module":"application","submodule":"supervisor","method":"addApp","app":"main","reqId":"1a2f0a5b-ae8e-4e02-9166-c2b050abf1b9","dataSourceKey":"main","timestamp":"2025-02-04 18:36:45"}
{"level":"info","message":"add app main into supervisor","meta":{},"module":"application","submodule":"supervisor","method":"addApp","app":"main","reqId":"fe3d9a3b-94ca-4ac0-8362-7bfdcd429463","dataSourceKey":"main","timestamp":"2025-02-04 20:07:54"}
{"level":"info","message":"connection has been established successfully.","meta":{},"module":"database","submodule":"","method":"auth","app":"main","reqId":"fe3d9a3b-94ca-4ac0-8362-7bfdcd429463","dataSourceKey":"main","timestamp":"2025-02-04 20:07:55"}
{"level":"info","message":"upgrading...","meta":{},"module":"application","submodule":"","method":"","app":"main","reqId":"fe3d9a3b-94ca-4ac0-8362-7bfdcd429463","dataSourceKey":"main","timestamp":"2025-02-04 20:07:55"}
{"level":"info","message":"run upgrade","meta":{},"module":"application","submodule":"","method":"","app":"main","reqId":"fe3d9a3b-94ca-4ac0-8362-7bfdcd429463","dataSourceKey":"main","timestamp":"2025-02-04 20:07:56"}
{"level":"info","message":"update built-in plugins","meta":{},"module":"nocobase","submodule":"","method":"","app":"main","reqId":"fe3d9a3b-94ca-4ac0-8362-7bfdcd429463","dataSourceKey":"main","timestamp":"2025-02-04 20:07:56"}
{"level":"info","message":"run upgrade","meta":{},"module":"application","submodule":"","method":"","app":"main","reqId":"fe3d9a3b-94ca-4ac0-8362-7bfdcd429463","dataSourceKey":"main","timestamp":"2025-02-04 20:08:02"}
{"level":"info","message":"restarting...","meta":{},"module":"application","submodule":"","method":"","app":"main","reqId":"fe3d9a3b-94ca-4ac0-8362-7bfdcd429463","dataSourceKey":"main","timestamp":"2025-02-04 20:08:02"}
{"level":"info","message":"app.reload()","meta":{},"module":"application","submodule":"","method":"load","app":"main","reqId":"fe3d9a3b-94ca-4ac0-8362-7bfdcd429463","dataSourceKey":"main","timestamp":"2025-02-04 20:08:02"}
{"level":"info","message":"write roles to ACL","meta":{},"module":"acl","submodule":"","method":"writeRolesToACL","app":"main","reqId":"fe3d9a3b-94ca-4ac0-8362-7bfdcd429463","dataSourceKey":"main","timestamp":"2025-02-04 20:08:04"}
{"level":"info","message":"app has been started","meta":{},"module":"application","submodule":"","method":"","app":"main","reqId":"fe3d9a3b-94ca-4ac0-8362-7bfdcd429463","dataSourceKey":"main","timestamp":"2025-02-04 20:08:04"}
{"level":"info","message":"add app main into supervisor","meta":{},"module":"application","submodule":"supervisor","method":"addApp","app":"main","reqId":"ff48d17a-e4ea-4b4b-b614-8d162b027502","dataSourceKey":"main","timestamp":"2025-02-04 20:24:11"}
{"level":"info","message":"connection has been established successfully.","meta":{},"module":"database","submodule":"","method":"auth","app":"main","reqId":"ff48d17a-e4ea-4b4b-b614-8d162b027502","dataSourceKey":"main","timestamp":"2025-02-04 20:24:11"}
{"level":"info","message":"upgrading...","meta":{},"module":"application","submodule":"","method":"","app":"main","reqId":"ff48d17a-e4ea-4b4b-b614-8d162b027502","dataSourceKey":"main","timestamp":"2025-02-04 20:24:11"}
{"level":"info","message":"run upgrade","meta":{},"module":"application","submodule":"","method":"","app":"main","reqId":"ff48d17a-e4ea-4b4b-b614-8d162b027502","dataSourceKey":"main","timestamp":"2025-02-04 20:24:12"}
{"level":"info","message":"update built-in plugins","meta":{},"module":"nocobase","submodule":"","method":"","app":"main","reqId":"ff48d17a-e4ea-4b4b-b614-8d162b027502","dataSourceKey":"main","timestamp":"2025-02-04 20:24:12"}
{"level":"info","message":"run upgrade","meta":{},"module":"application","submodule":"","method":"","app":"main","reqId":"ff48d17a-e4ea-4b4b-b614-8d162b027502","dataSourceKey":"main","timestamp":"2025-02-04 20:24:20"}
{"level":"info","message":"restarting...","meta":{},"module":"application","submodule":"","method":"","app":"main","reqId":"ff48d17a-e4ea-4b4b-b614-8d162b027502","dataSourceKey":"main","timestamp":"2025-02-04 20:24:21"}
{"level":"info","message":"app.reload()","meta":{},"module":"application","submodule":"","method":"load","app":"main","reqId":"ff48d17a-e4ea-4b4b-b614-8d162b027502","dataSourceKey":"main","timestamp":"2025-02-04 20:24:21"}
{"level":"info","message":"write roles to ACL","meta":{},"module":"acl","submodule":"","method":"writeRolesToACL","app":"main","reqId":"ff48d17a-e4ea-4b4b-b614-8d162b027502","dataSourceKey":"main","timestamp":"2025-02-04 20:24:24"}
{"level":"info","message":"app has been started","meta":{},"module":"application","submodule":"","method":"","app":"main","reqId":"ff48d17a-e4ea-4b4b-b614-8d162b027502","dataSourceKey":"main","timestamp":"2025-02-04 20:24:24"}
{"level":"info","message":"add app main into supervisor","meta":{},"module":"application","submodule":"supervisor","method":"addApp","app":"main","reqId":"cb212dba-1ddd-4a13-a72e-5590db763ede","dataSourceKey":"main","timestamp":"2025-02-04 20:36:33"}
{"level":"info","message":"connection has been established successfully.","meta":{},"module":"database","submodule":"","method":"auth","app":"main","reqId":"cb212dba-1ddd-4a13-a72e-5590db763ede","dataSourceKey":"main","timestamp":"2025-02-04 20:36:33"}
{"level":"info","message":"upgrading...","meta":{},"module":"application","submodule":"","method":"","app":"main","reqId":"cb212dba-1ddd-4a13-a72e-5590db763ede","dataSourceKey":"main","timestamp":"2025-02-04 20:36:33"}
{"level":"info","message":"run upgrade","meta":{},"module":"application","submodule":"","method":"","app":"main","reqId":"cb212dba-1ddd-4a13-a72e-5590db763ede","dataSourceKey":"main","timestamp":"2025-02-04 20:36:34"}
{"level":"info","message":"update built-in plugins","meta":{},"module":"nocobase","submodule":"","method":"","app":"main","reqId":"cb212dba-1ddd-4a13-a72e-5590db763ede","dataSourceKey":"main","timestamp":"2025-02-04 20:36:34"}
{"level":"info","message":"run upgrade","meta":{},"module":"application","submodule":"","method":"","app":"main","reqId":"cb212dba-1ddd-4a13-a72e-5590db763ede","dataSourceKey":"main","timestamp":"2025-02-04 20:36:44"}
{"level":"info","message":"restarting...","meta":{},"module":"application","submodule":"","method":"","app":"main","reqId":"cb212dba-1ddd-4a13-a72e-5590db763ede","dataSourceKey":"main","timestamp":"2025-02-04 20:36:44"}
{"level":"info","message":"app.reload()","meta":{},"module":"application","submodule":"","method":"load","app":"main","reqId":"cb212dba-1ddd-4a13-a72e-5590db763ede","dataSourceKey":"main","timestamp":"2025-02-04 20:36:44"}
{"level":"info","message":"write roles to ACL","meta":{},"module":"acl","submodule":"","method":"writeRolesToACL","app":"main","reqId":"cb212dba-1ddd-4a13-a72e-5590db763ede","dataSourceKey":"main","timestamp":"2025-02-04 20:36:47"}
{"level":"info","message":"app has been started","meta":{},"module":"application","submodule":"","method":"","app":"main","reqId":"cb212dba-1ddd-4a13-a72e-5590db763ede","dataSourceKey":"main","timestamp":"2025-02-04 20:36:47"}
{"level":"info","message":"add app main into supervisor","meta":{},"module":"application","submodule":"supervisor","method":"addApp","app":"main","reqId":"fd105d33-c9c3-4de7-a57d-82824e3f4ba7","dataSourceKey":"main","timestamp":"2025-02-04 20:47:23"}
{"level":"info","message":"connection has been established successfully.","meta":{},"module":"database","submodule":"","method":"auth","app":"main","reqId":"fd105d33-c9c3-4de7-a57d-82824e3f4ba7","dataSourceKey":"main","timestamp":"2025-02-04 20:47:23"}
{"level":"info","message":"upgrading...","meta":{},"module":"application","submodule":"","method":"","app":"main","reqId":"fd105d33-c9c3-4de7-a57d-82824e3f4ba7","dataSourceKey":"main","timestamp":"2025-02-04 20:47:23"}
{"level":"info","message":"run upgrade","meta":{},"module":"application","submodule":"","method":"","app":"main","reqId":"fd105d33-c9c3-4de7-a57d-82824e3f4ba7","dataSourceKey":"main","timestamp":"2025-02-04 20:47:23"}
{"level":"info","message":"update built-in plugins","meta":{},"module":"nocobase","submodule":"","method":"","app":"main","reqId":"fd105d33-c9c3-4de7-a57d-82824e3f4ba7","dataSourceKey":"main","timestamp":"2025-02-04 20:47:23"}
{"level":"info","message":"run upgrade","meta":{},"module":"application","submodule":"","method":"","app":"main","reqId":"fd105d33-c9c3-4de7-a57d-82824e3f4ba7","dataSourceKey":"main","timestamp":"2025-02-04 20:47:31"}
{"level":"info","message":"restarting...","meta":{},"module":"application","submodule":"","method":"","app":"main","reqId":"fd105d33-c9c3-4de7-a57d-82824e3f4ba7","dataSourceKey":"main","timestamp":"2025-02-04 20:47:31"}
{"level":"info","message":"app.reload()","meta":{},"module":"application","submodule":"","method":"load","app":"main","reqId":"fd105d33-c9c3-4de7-a57d-82824e3f4ba7","dataSourceKey":"main","timestamp":"2025-02-04 20:47:31"}
{"level":"info","message":"write roles to ACL","meta":{},"module":"acl","submodule":"","method":"writeRolesToACL","app":"main","reqId":"fd105d33-c9c3-4de7-a57d-82824e3f4ba7","dataSourceKey":"main","timestamp":"2025-02-04 20:47:33"}
{"level":"info","message":"app has been started","meta":{},"module":"application","submodule":"","method":"","app":"main","reqId":"fd105d33-c9c3-4de7-a57d-82824e3f4ba7","dataSourceKey":"main","timestamp":"2025-02-04 20:47:33"}
{"level":"info","message":"add app main into supervisor","meta":{},"module":"application","submodule":"supervisor","method":"addApp","app":"main","reqId":"86a4adc3-15e7-45c9-a2f3-aa9a8aaf8a0d","dataSourceKey":"main","timestamp":"2025-02-04 20:50:00"}
{"level":"info","message":"connection has been established successfully.","meta":{},"module":"database","submodule":"","method":"auth","app":"main","reqId":"86a4adc3-15e7-45c9-a2f3-aa9a8aaf8a0d","dataSourceKey":"main","timestamp":"2025-02-04 20:50:00"}
{"level":"info","message":"upgrading...","meta":{},"module":"application","submodule":"","method":"","app":"main","reqId":"86a4adc3-15e7-45c9-a2f3-aa9a8aaf8a0d","dataSourceKey":"main","timestamp":"2025-02-04 20:50:00"}
{"level":"info","message":"run upgrade","meta":{},"module":"application","submodule":"","method":"","app":"main","reqId":"86a4adc3-15e7-45c9-a2f3-aa9a8aaf8a0d","dataSourceKey":"main","timestamp":"2025-02-04 20:50:00"}
{"level":"info","message":"update built-in plugins","meta":{},"module":"nocobase","submodule":"","method":"","app":"main","reqId":"86a4adc3-15e7-45c9-a2f3-aa9a8aaf8a0d","dataSourceKey":"main","timestamp":"2025-02-04 20:50:00"}
{"level":"info","message":"run upgrade","meta":{},"module":"application","submodule":"","method":"","app":"main","reqId":"86a4adc3-15e7-45c9-a2f3-aa9a8aaf8a0d","dataSourceKey":"main","timestamp":"2025-02-04 20:50:04"}
{"level":"info","message":"restarting...","meta":{},"module":"application","submodule":"","method":"","app":"main","reqId":"86a4adc3-15e7-45c9-a2f3-aa9a8aaf8a0d","dataSourceKey":"main","timestamp":"2025-02-04 20:50:04"}
{"level":"info","message":"app.reload()","meta":{},"module":"application","submodule":"","method":"load","app":"main","reqId":"86a4adc3-15e7-45c9-a2f3-aa9a8aaf8a0d","dataSourceKey":"main","timestamp":"2025-02-04 20:50:04"}
{"level":"info","message":"write roles to ACL","meta":{},"module":"acl","submodule":"","method":"writeRolesToACL","app":"main","reqId":"86a4adc3-15e7-45c9-a2f3-aa9a8aaf8a0d","dataSourceKey":"main","timestamp":"2025-02-04 20:50:06"}
{"level":"info","message":"app has been started","meta":{},"module":"application","submodule":"","method":"","app":"main","reqId":"86a4adc3-15e7-45c9-a2f3-aa9a8aaf8a0d","dataSourceKey":"main","timestamp":"2025-02-04 20:50:07"}
{"level":"warn","message":"plugin not found Cannot destructure property 'WorkflowAction' of 'require(...).actions' as it is undefined.","stack":"TypeError: Cannot destructure property 'WorkflowAction' of 'require(...).actions' as it is undefined.\n    at Object.<anonymous> (/app/nocobase/storage/plugins/custom-popup-action/src/server/actions/show-popup.js:3:9)\n    at Module._compile (node:internal/modules/cjs/loader:1364:14)\n    at Module._extensions..js (node:internal/modules/cjs/loader:1422:10)\n    at Module.load (node:internal/modules/cjs/loader:1203:32)\n    at Module._load (node:internal/modules/cjs/loader:1019:12)\n    at Module.require (node:internal/modules/cjs/loader:1231:19)\n    at Hook._require.Module.require (/app/nocobase/node_modules/require-in-the-middle/index.js:101:39)\n    at require (node:internal/modules/helpers:177:18)\n    at Object.<anonymous> (/app/nocobase/storage/plugins/custom-popup-action/src/server/index.js:2:25)\n    at Module._compile (node:internal/modules/cjs/loader:1364:14)","meta":{},"module":"application","submodule":"","method":"","app":"main","reqId":"86a4adc3-15e7-45c9-a2f3-aa9a8aaf8a0d","dataSourceKey":"main","timestamp":"2025-02-04 20:54:08"}
{"level":"info","message":"add app main into supervisor","meta":{},"module":"application","submodule":"supervisor","method":"addApp","app":"main","reqId":"8c1ab79a-a7ae-4b0f-aba5-9db20fa7a911","dataSourceKey":"main","timestamp":"2025-02-04 21:07:48"}
{"level":"info","message":"connection has been established successfully.","meta":{},"module":"database","submodule":"","method":"auth","app":"main","reqId":"8c1ab79a-a7ae-4b0f-aba5-9db20fa7a911","dataSourceKey":"main","timestamp":"2025-02-04 21:07:48"}
{"level":"info","message":"start install built-in plugins","meta":{},"module":"nocobase","submodule":"","method":"","app":"main","reqId":"8c1ab79a-a7ae-4b0f-aba5-9db20fa7a911","dataSourceKey":"main","timestamp":"2025-02-04 21:07:50"}
{"level":"info","message":"finish install built-in plugins","meta":{},"module":"nocobase","submodule":"","method":"","app":"main","reqId":"8c1ab79a-a7ae-4b0f-aba5-9db20fa7a911","dataSourceKey":"main","timestamp":"2025-02-04 21:07:55"}
{"level":"info","message":"restarting...","meta":{},"module":"application","submodule":"","method":"","app":"main","reqId":"8c1ab79a-a7ae-4b0f-aba5-9db20fa7a911","dataSourceKey":"main","timestamp":"2025-02-04 21:07:55"}
{"level":"info","message":"app.reload()","meta":{},"module":"application","submodule":"","method":"load","app":"main","reqId":"8c1ab79a-a7ae-4b0f-aba5-9db20fa7a911","dataSourceKey":"main","timestamp":"2025-02-04 21:07:55"}
{"level":"info","message":"write roles to ACL","meta":{},"module":"acl","submodule":"","method":"writeRolesToACL","app":"main","reqId":"8c1ab79a-a7ae-4b0f-aba5-9db20fa7a911","dataSourceKey":"main","timestamp":"2025-02-04 21:07:57"}
{"level":"info","message":"app has been started","meta":{},"module":"application","submodule":"","method":"","app":"main","reqId":"8c1ab79a-a7ae-4b0f-aba5-9db20fa7a911","dataSourceKey":"main","timestamp":"2025-02-04 21:07:57"}
{"level":"info","message":"add app main into supervisor","meta":{},"module":"application","submodule":"supervisor","method":"addApp","app":"main","reqId":"d01f7eed-5536-4c1a-a5ef-9d24dbcc7d88","dataSourceKey":"main","timestamp":"2025-02-04 21:15:50"}
{"level":"info","message":"connection has been established successfully.","meta":{},"module":"database","submodule":"","method":"auth","app":"main","reqId":"d01f7eed-5536-4c1a-a5ef-9d24dbcc7d88","dataSourceKey":"main","timestamp":"2025-02-04 21:15:50"}
{"level":"info","message":"start install built-in plugins","meta":{},"module":"nocobase","submodule":"","method":"","app":"main","reqId":"d01f7eed-5536-4c1a-a5ef-9d24dbcc7d88","dataSourceKey":"main","timestamp":"2025-02-04 21:15:51"}
{"level":"info","message":"finish install built-in plugins","meta":{},"module":"nocobase","submodule":"","method":"","app":"main","reqId":"d01f7eed-5536-4c1a-a5ef-9d24dbcc7d88","dataSourceKey":"main","timestamp":"2025-02-04 21:15:56"}
{"level":"info","message":"restarting...","meta":{},"module":"application","submodule":"","method":"","app":"main","reqId":"d01f7eed-5536-4c1a-a5ef-9d24dbcc7d88","dataSourceKey":"main","timestamp":"2025-02-04 21:15:56"}
{"level":"info","message":"app.reload()","meta":{},"module":"application","submodule":"","method":"load","app":"main","reqId":"d01f7eed-5536-4c1a-a5ef-9d24dbcc7d88","dataSourceKey":"main","timestamp":"2025-02-04 21:15:56"}
{"level":"info","message":"write roles to ACL","meta":{},"module":"acl","submodule":"","method":"writeRolesToACL","app":"main","reqId":"d01f7eed-5536-4c1a-a5ef-9d24dbcc7d88","dataSourceKey":"main","timestamp":"2025-02-04 21:15:58"}
{"level":"info","message":"app has been started","meta":{},"module":"application","submodule":"","method":"","app":"main","reqId":"d01f7eed-5536-4c1a-a5ef-9d24dbcc7d88","dataSourceKey":"main","timestamp":"2025-02-04 21:15:59"}
{"level":"info","message":"add app main into supervisor","meta":{},"module":"application","submodule":"supervisor","method":"addApp","app":"main","reqId":"fda6e3e2-4333-49c2-b464-ec9ed8d98b2c","dataSourceKey":"main","timestamp":"2025-02-04 21:17:01"}
{"level":"info","message":"connection has been established successfully.","meta":{},"module":"database","submodule":"","method":"auth","app":"main","reqId":"fda6e3e2-4333-49c2-b464-ec9ed8d98b2c","dataSourceKey":"main","timestamp":"2025-02-04 21:17:01"}
{"level":"info","message":"add app main into supervisor","meta":{},"module":"application","submodule":"supervisor","method":"addApp","app":"main","reqId":"eeb65ff2-ce9e-44f9-bcd3-64c6fe8e8f25","dataSourceKey":"main","timestamp":"2025-02-04 22:06:01"}
{"level":"info","message":"connection has been established successfully.","meta":{},"module":"database","submodule":"","method":"auth","app":"main","reqId":"eeb65ff2-ce9e-44f9-bcd3-64c6fe8e8f25","dataSourceKey":"main","timestamp":"2025-02-04 22:06:01"}
{"level":"info","message":"upgrading...","meta":{},"module":"application","submodule":"","method":"","app":"main","reqId":"eeb65ff2-ce9e-44f9-bcd3-64c6fe8e8f25","dataSourceKey":"main","timestamp":"2025-02-04 22:06:01"}
{"level":"info","message":"run upgrade","meta":{},"module":"application","submodule":"","method":"","app":"main","reqId":"eeb65ff2-ce9e-44f9-bcd3-64c6fe8e8f25","dataSourceKey":"main","timestamp":"2025-02-04 22:06:02"}
{"level":"info","message":"update built-in plugins","meta":{},"module":"nocobase","submodule":"","method":"","app":"main","reqId":"eeb65ff2-ce9e-44f9-bcd3-64c6fe8e8f25","dataSourceKey":"main","timestamp":"2025-02-04 22:06:02"}
{"level":"info","message":"run upgrade","meta":{},"module":"application","submodule":"","method":"","app":"main","reqId":"eeb65ff2-ce9e-44f9-bcd3-64c6fe8e8f25","dataSourceKey":"main","timestamp":"2025-02-04 22:06:05"}
{"level":"info","message":"restarting...","meta":{},"module":"application","submodule":"","method":"","app":"main","reqId":"eeb65ff2-ce9e-44f9-bcd3-64c6fe8e8f25","dataSourceKey":"main","timestamp":"2025-02-04 22:06:06"}
{"level":"info","message":"app.reload()","meta":{},"module":"application","submodule":"","method":"load","app":"main","reqId":"eeb65ff2-ce9e-44f9-bcd3-64c6fe8e8f25","dataSourceKey":"main","timestamp":"2025-02-04 22:06:06"}
{"level":"info","message":"write roles to ACL","meta":{},"module":"acl","submodule":"","method":"writeRolesToACL","app":"main","reqId":"eeb65ff2-ce9e-44f9-bcd3-64c6fe8e8f25","dataSourceKey":"main","timestamp":"2025-02-04 22:06:07"}
{"level":"info","message":"app has been started","meta":{},"module":"application","submodule":"","method":"","app":"main","reqId":"eeb65ff2-ce9e-44f9-bcd3-64c6fe8e8f25","dataSourceKey":"main","timestamp":"2025-02-04 22:06:07"}
{"level":"info","message":"add app main into supervisor","meta":{},"module":"application","submodule":"supervisor","method":"addApp","app":"main","reqId":"0b29f4cc-f301-41e4-9d89-1ac67156b6d8","dataSourceKey":"main","timestamp":"2025-02-04 22:16:53"}
{"level":"info","message":"connection has been established successfully.","meta":{},"module":"database","submodule":"","method":"auth","app":"main","reqId":"0b29f4cc-f301-41e4-9d89-1ac67156b6d8","dataSourceKey":"main","timestamp":"2025-02-04 22:16:53"}
{"level":"info","message":"upgrading...","meta":{},"module":"application","submodule":"","method":"","app":"main","reqId":"0b29f4cc-f301-41e4-9d89-1ac67156b6d8","dataSourceKey":"main","timestamp":"2025-02-04 22:16:53"}
{"level":"info","message":"run upgrade","meta":{},"module":"application","submodule":"","method":"","app":"main","reqId":"0b29f4cc-f301-41e4-9d89-1ac67156b6d8","dataSourceKey":"main","timestamp":"2025-02-04 22:16:55"}
{"level":"info","message":"update built-in plugins","meta":{},"module":"nocobase","submodule":"","method":"","app":"main","reqId":"0b29f4cc-f301-41e4-9d89-1ac67156b6d8","dataSourceKey":"main","timestamp":"2025-02-04 22:16:55"}
{"level":"info","message":"run upgrade","meta":{},"module":"application","submodule":"","method":"","app":"main","reqId":"0b29f4cc-f301-41e4-9d89-1ac67156b6d8","dataSourceKey":"main","timestamp":"2025-02-04 22:17:02"}
{"level":"info","message":"restarting...","meta":{},"module":"application","submodule":"","method":"","app":"main","reqId":"0b29f4cc-f301-41e4-9d89-1ac67156b6d8","dataSourceKey":"main","timestamp":"2025-02-04 22:17:02"}
{"level":"info","message":"app.reload()","meta":{},"module":"application","submodule":"","method":"load","app":"main","reqId":"0b29f4cc-f301-41e4-9d89-1ac67156b6d8","dataSourceKey":"main","timestamp":"2025-02-04 22:17:02"}
{"level":"info","message":"write roles to ACL","meta":{},"module":"acl","submodule":"","method":"writeRolesToACL","app":"main","reqId":"0b29f4cc-f301-41e4-9d89-1ac67156b6d8","dataSourceKey":"main","timestamp":"2025-02-04 22:17:04"}
{"level":"info","message":"app has been started","meta":{},"module":"application","submodule":"","method":"","app":"main","reqId":"0b29f4cc-f301-41e4-9d89-1ac67156b6d8","dataSourceKey":"main","timestamp":"2025-02-04 22:17:04"}
{"level":"info","message":"app.reload()","meta":{},"module":"application","submodule":"","method":"load","app":"main","reqId":"0b29f4cc-f301-41e4-9d89-1ac67156b6d8","dataSourceKey":"main","timestamp":"2025-02-04 22:19:56"}
{"level":"info","message":"restarting...","meta":{},"module":"application","submodule":"","method":"","app":"main","reqId":"2c0b5a06-e515-4f1f-a098-a42c8fdaa198","dataSourceKey":"main","timestamp":"2025-02-04 22:20:00"}
{"level":"info","message":"app.reload()","meta":{},"module":"application","submodule":"","method":"load","app":"main","reqId":"2c0b5a06-e515-4f1f-a098-a42c8fdaa198","dataSourceKey":"main","timestamp":"2025-02-04 22:20:00"}
{"level":"info","message":"write roles to ACL","meta":{},"module":"acl","submodule":"","method":"writeRolesToACL","app":"main","reqId":"2c0b5a06-e515-4f1f-a098-a42c8fdaa198","dataSourceKey":"main","timestamp":"2025-02-04 22:20:01"}
