{"level":"info","message":"add app main into supervisor","meta":{},"module":"application","submodule":"supervisor","method":"addApp","app":"main","reqId":"9251d6d2-6a6b-4651-8bf3-d29de33289cc","dataSourceKey":"main","timestamp":"2025-02-03 17:12:26"}
{"level":"info","message":"connection has been established successfully.","meta":{},"module":"database","submodule":"","method":"auth","app":"main","reqId":"9251d6d2-6a6b-4651-8bf3-d29de33289cc","dataSourceKey":"main","timestamp":"2025-02-03 17:12:26"}
{"level":"info","message":"start install built-in plugins","meta":{},"module":"nocobase","submodule":"","method":"","app":"main","reqId":"9251d6d2-6a6b-4651-8bf3-d29de33289cc","dataSourceKey":"main","timestamp":"2025-02-03 17:12:26"}
{"level":"info","message":"finish install built-in plugins","meta":{},"module":"nocobase","submodule":"","method":"","app":"main","reqId":"9251d6d2-6a6b-4651-8bf3-d29de33289cc","dataSourceKey":"main","timestamp":"2025-02-03 17:12:31"}
{"level":"info","message":"restarting...","meta":{},"module":"application","submodule":"","method":"","app":"main","reqId":"9251d6d2-6a6b-4651-8bf3-d29de33289cc","dataSourceKey":"main","timestamp":"2025-02-03 17:12:31"}
{"level":"info","message":"app.reload()","meta":{},"module":"application","submodule":"","method":"load","app":"main","reqId":"9251d6d2-6a6b-4651-8bf3-d29de33289cc","dataSourceKey":"main","timestamp":"2025-02-03 17:12:31"}
{"level":"info","message":"write roles to ACL","meta":{},"module":"acl","submodule":"","method":"writeRolesToACL","app":"main","reqId":"9251d6d2-6a6b-4651-8bf3-d29de33289cc","dataSourceKey":"main","timestamp":"2025-02-03 17:12:33"}
{"level":"info","message":"app has been started","meta":{},"module":"application","submodule":"","method":"","app":"main","reqId":"9251d6d2-6a6b-4651-8bf3-d29de33289cc","dataSourceKey":"main","timestamp":"2025-02-03 17:12:33"}
{"level":"info","message":"add app main into supervisor","meta":{},"module":"application","submodule":"supervisor","method":"addApp","app":"main","reqId":"0044f828-d9a0-49ee-aafe-7f59c3e2da25","dataSourceKey":"main","timestamp":"2025-02-03 19:02:03"}
{"level":"info","message":"connection has been established successfully.","meta":{},"module":"database","submodule":"","method":"auth","app":"main","reqId":"0044f828-d9a0-49ee-aafe-7f59c3e2da25","dataSourceKey":"main","timestamp":"2025-02-03 19:02:03"}
{"level":"info","message":"upgrading...","meta":{},"module":"application","submodule":"","method":"","app":"main","reqId":"0044f828-d9a0-49ee-aafe-7f59c3e2da25","dataSourceKey":"main","timestamp":"2025-02-03 19:02:03"}
{"level":"info","message":"run upgrade","meta":{},"module":"application","submodule":"","method":"","app":"main","reqId":"0044f828-d9a0-49ee-aafe-7f59c3e2da25","dataSourceKey":"main","timestamp":"2025-02-03 19:02:03"}
{"level":"info","message":"update built-in plugins","meta":{},"module":"nocobase","submodule":"","method":"","app":"main","reqId":"0044f828-d9a0-49ee-aafe-7f59c3e2da25","dataSourceKey":"main","timestamp":"2025-02-03 19:02:03"}
{"level":"info","message":"run upgrade","meta":{},"module":"application","submodule":"","method":"","app":"main","reqId":"0044f828-d9a0-49ee-aafe-7f59c3e2da25","dataSourceKey":"main","timestamp":"2025-02-03 19:02:05"}
{"level":"info","message":"restarting...","meta":{},"module":"application","submodule":"","method":"","app":"main","reqId":"0044f828-d9a0-49ee-aafe-7f59c3e2da25","dataSourceKey":"main","timestamp":"2025-02-03 19:02:05"}
{"level":"info","message":"app.reload()","meta":{},"module":"application","submodule":"","method":"load","app":"main","reqId":"0044f828-d9a0-49ee-aafe-7f59c3e2da25","dataSourceKey":"main","timestamp":"2025-02-03 19:02:05"}
{"level":"info","message":"write roles to ACL","meta":{},"module":"acl","submodule":"","method":"writeRolesToACL","app":"main","reqId":"0044f828-d9a0-49ee-aafe-7f59c3e2da25","dataSourceKey":"main","timestamp":"2025-02-03 19:02:06"}
{"level":"info","message":"app has been started","meta":{},"module":"application","submodule":"","method":"","app":"main","reqId":"0044f828-d9a0-49ee-aafe-7f59c3e2da25","dataSourceKey":"main","timestamp":"2025-02-03 19:02:06"}
{"level":"info","message":"add app main into supervisor","meta":{},"module":"application","submodule":"supervisor","method":"addApp","app":"main","reqId":"068efb6e-7732-4462-b598-a32b19b55b94","dataSourceKey":"main","timestamp":"2025-02-03 20:33:18"}
{"level":"info","message":"connection has been established successfully.","meta":{},"module":"database","submodule":"","method":"auth","app":"main","reqId":"068efb6e-7732-4462-b598-a32b19b55b94","dataSourceKey":"main","timestamp":"2025-02-03 20:33:18"}
{"level":"info","message":"upgrading...","meta":{},"module":"application","submodule":"","method":"","app":"main","reqId":"068efb6e-7732-4462-b598-a32b19b55b94","dataSourceKey":"main","timestamp":"2025-02-03 20:33:18"}
{"level":"info","message":"run upgrade","meta":{},"module":"application","submodule":"","method":"","app":"main","reqId":"068efb6e-7732-4462-b598-a32b19b55b94","dataSourceKey":"main","timestamp":"2025-02-03 20:33:18"}
{"level":"info","message":"update built-in plugins","meta":{},"module":"nocobase","submodule":"","method":"","app":"main","reqId":"068efb6e-7732-4462-b598-a32b19b55b94","dataSourceKey":"main","timestamp":"2025-02-03 20:33:18"}
{"level":"info","message":"run upgrade","meta":{},"module":"application","submodule":"","method":"","app":"main","reqId":"068efb6e-7732-4462-b598-a32b19b55b94","dataSourceKey":"main","timestamp":"2025-02-03 20:33:21"}
{"level":"info","message":"restarting...","meta":{},"module":"application","submodule":"","method":"","app":"main","reqId":"068efb6e-7732-4462-b598-a32b19b55b94","dataSourceKey":"main","timestamp":"2025-02-03 20:33:21"}
{"level":"info","message":"app.reload()","meta":{},"module":"application","submodule":"","method":"load","app":"main","reqId":"068efb6e-7732-4462-b598-a32b19b55b94","dataSourceKey":"main","timestamp":"2025-02-03 20:33:21"}
{"level":"info","message":"write roles to ACL","meta":{},"module":"acl","submodule":"","method":"writeRolesToACL","app":"main","reqId":"068efb6e-7732-4462-b598-a32b19b55b94","dataSourceKey":"main","timestamp":"2025-02-03 20:33:22"}
{"level":"info","message":"app has been started","meta":{},"module":"application","submodule":"","method":"","app":"main","reqId":"068efb6e-7732-4462-b598-a32b19b55b94","dataSourceKey":"main","timestamp":"2025-02-03 20:33:22"}
{"level":"info","message":"add app main into supervisor","meta":{},"module":"application","submodule":"supervisor","method":"addApp","app":"main","reqId":"e85794af-afd3-4099-81ea-67a51d95f3b5","dataSourceKey":"main","timestamp":"2025-02-03 21:17:57"}
{"level":"info","message":"connection has been established successfully.","meta":{},"module":"database","submodule":"","method":"auth","app":"main","reqId":"e85794af-afd3-4099-81ea-67a51d95f3b5","dataSourceKey":"main","timestamp":"2025-02-03 21:17:57"}
{"level":"info","message":"add app main into supervisor","meta":{},"module":"application","submodule":"supervisor","method":"addApp","app":"main","reqId":"50c53d85-b4b3-4505-93d9-913d52713ffe","dataSourceKey":"main","timestamp":"2025-02-03 21:18:18"}
{"level":"info","message":"connection has been established successfully.","meta":{},"module":"database","submodule":"","method":"auth","app":"main","reqId":"50c53d85-b4b3-4505-93d9-913d52713ffe","dataSourceKey":"main","timestamp":"2025-02-03 21:18:18"}
{"level":"info","message":"add app main into supervisor","meta":{},"module":"application","submodule":"supervisor","method":"addApp","app":"main","reqId":"5b83fc7d-a693-4bd8-8669-bb420da94211","dataSourceKey":"main","timestamp":"2025-02-03 21:19:52"}
{"level":"info","message":"connection has been established successfully.","meta":{},"module":"database","submodule":"","method":"auth","app":"main","reqId":"5b83fc7d-a693-4bd8-8669-bb420da94211","dataSourceKey":"main","timestamp":"2025-02-03 21:19:52"}
{"level":"info","message":"upgrading...","meta":{},"module":"application","submodule":"","method":"","app":"main","reqId":"5b83fc7d-a693-4bd8-8669-bb420da94211","dataSourceKey":"main","timestamp":"2025-02-03 21:19:52"}
{"level":"info","message":"run upgrade","meta":{},"module":"application","submodule":"","method":"","app":"main","reqId":"5b83fc7d-a693-4bd8-8669-bb420da94211","dataSourceKey":"main","timestamp":"2025-02-03 21:19:52"}
{"level":"info","message":"update built-in plugins","meta":{},"module":"nocobase","submodule":"","method":"","app":"main","reqId":"5b83fc7d-a693-4bd8-8669-bb420da94211","dataSourceKey":"main","timestamp":"2025-02-03 21:19:52"}
{"level":"info","message":"run upgrade","meta":{},"module":"application","submodule":"","method":"","app":"main","reqId":"5b83fc7d-a693-4bd8-8669-bb420da94211","dataSourceKey":"main","timestamp":"2025-02-03 21:19:56"}
{"level":"info","message":"restarting...","meta":{},"module":"application","submodule":"","method":"","app":"main","reqId":"5b83fc7d-a693-4bd8-8669-bb420da94211","dataSourceKey":"main","timestamp":"2025-02-03 21:19:56"}
{"level":"info","message":"app.reload()","meta":{},"module":"application","submodule":"","method":"load","app":"main","reqId":"5b83fc7d-a693-4bd8-8669-bb420da94211","dataSourceKey":"main","timestamp":"2025-02-03 21:19:56"}
{"level":"info","message":"write roles to ACL","meta":{},"module":"acl","submodule":"","method":"writeRolesToACL","app":"main","reqId":"5b83fc7d-a693-4bd8-8669-bb420da94211","dataSourceKey":"main","timestamp":"2025-02-03 21:19:58"}
{"level":"info","message":"app has been started","meta":{},"module":"application","submodule":"","method":"","app":"main","reqId":"5b83fc7d-a693-4bd8-8669-bb420da94211","dataSourceKey":"main","timestamp":"2025-02-03 21:19:58"}
{"level":"info","message":"add app main into supervisor","meta":{},"module":"application","submodule":"supervisor","method":"addApp","app":"main","reqId":"adf4bda6-d8c9-4e3d-ba89-ba0fa01bb69e","dataSourceKey":"main","timestamp":"2025-02-03 21:21:11"}
{"level":"info","message":"connection has been established successfully.","meta":{},"module":"database","submodule":"","method":"auth","app":"main","reqId":"adf4bda6-d8c9-4e3d-ba89-ba0fa01bb69e","dataSourceKey":"main","timestamp":"2025-02-03 21:21:11"}
{"level":"info","message":"upgrading...","meta":{},"module":"application","submodule":"","method":"","app":"main","reqId":"adf4bda6-d8c9-4e3d-ba89-ba0fa01bb69e","dataSourceKey":"main","timestamp":"2025-02-03 21:21:11"}
{"level":"info","message":"run upgrade","meta":{},"module":"application","submodule":"","method":"","app":"main","reqId":"adf4bda6-d8c9-4e3d-ba89-ba0fa01bb69e","dataSourceKey":"main","timestamp":"2025-02-03 21:21:12"}
{"level":"info","message":"update built-in plugins","meta":{},"module":"nocobase","submodule":"","method":"","app":"main","reqId":"adf4bda6-d8c9-4e3d-ba89-ba0fa01bb69e","dataSourceKey":"main","timestamp":"2025-02-03 21:21:12"}
{"level":"info","message":"run upgrade","meta":{},"module":"application","submodule":"","method":"","app":"main","reqId":"adf4bda6-d8c9-4e3d-ba89-ba0fa01bb69e","dataSourceKey":"main","timestamp":"2025-02-03 21:21:15"}
{"level":"info","message":"restarting...","meta":{},"module":"application","submodule":"","method":"","app":"main","reqId":"adf4bda6-d8c9-4e3d-ba89-ba0fa01bb69e","dataSourceKey":"main","timestamp":"2025-02-03 21:21:15"}
{"level":"info","message":"app.reload()","meta":{},"module":"application","submodule":"","method":"load","app":"main","reqId":"adf4bda6-d8c9-4e3d-ba89-ba0fa01bb69e","dataSourceKey":"main","timestamp":"2025-02-03 21:21:15"}
{"level":"info","message":"write roles to ACL","meta":{},"module":"acl","submodule":"","method":"writeRolesToACL","app":"main","reqId":"adf4bda6-d8c9-4e3d-ba89-ba0fa01bb69e","dataSourceKey":"main","timestamp":"2025-02-03 21:21:17"}
{"level":"info","message":"app has been started","meta":{},"module":"application","submodule":"","method":"","app":"main","reqId":"adf4bda6-d8c9-4e3d-ba89-ba0fa01bb69e","dataSourceKey":"main","timestamp":"2025-02-03 21:21:17"}
{"level":"info","message":"add app main into supervisor","meta":{},"module":"application","submodule":"supervisor","method":"addApp","app":"main","reqId":"18528aa9-6e21-4711-8e09-dcba27b4a901","dataSourceKey":"main","timestamp":"2025-02-03 21:36:10"}
{"level":"info","message":"add app main into supervisor","meta":{},"module":"application","submodule":"supervisor","method":"addApp","app":"main","reqId":"fd4b2dca-ae91-443d-bf09-82724eda5876","dataSourceKey":"main","timestamp":"2025-02-03 21:36:38"}
{"level":"info","message":"add app main into supervisor","meta":{},"module":"application","submodule":"supervisor","method":"addApp","app":"main","reqId":"ef4444d5-d2a7-466d-9c1d-8dd42a907659","dataSourceKey":"main","timestamp":"2025-02-03 21:36:50"}
{"level":"info","message":"load commands","meta":{},"module":"application","submodule":"","method":"","app":"main","reqId":"adf4bda6-d8c9-4e3d-ba89-ba0fa01bb69e","dataSourceKey":"main","timestamp":"2025-02-03 21:38:16"}
{"level":"info","message":"add app main into supervisor","meta":{},"module":"application","submodule":"supervisor","method":"addApp","app":"main","reqId":"e817f7b2-4a9e-48be-9d1f-00739aa5922c","dataSourceKey":"main","timestamp":"2025-02-03 21:38:16"}
{"level":"info","message":"load commands","meta":{},"module":"application","submodule":"","method":"","app":"main","reqId":"e817f7b2-4a9e-48be-9d1f-00739aa5922c","dataSourceKey":"main","timestamp":"2025-02-03 21:38:16"}
